Using pre-set license
Built from '2020.2/release' branch; Version is '2020.2.4f1 (becced5a802b) revision 12504301'; Using compiler version '192528614'; Build Type 'Release'
OS: 'Windows 10 Pro; OS build 19042.804; Version 2009; 64bit' Language: 'es' Physical Memory: 16309 MB
BatchMode: 1, IsHumanControllingUs: 0, StartBugReporterOnCrash: 0, Is64bit: 1, IsPro: 0

 COMMAND LINE ARGUMENTS:
C:\Program Files\2020.2.4f1\Editor\Unity.exe
-adb2
-batchMode
-noUpm
-name
AssetImportWorker0
-projectPath
D:/Documentos/ProyectoQuintoSemestre/Super Cold
-logFile
Logs/AssetImportWorker0.log
-srvPort
52897
Successfully changed project path to: D:/Documentos/ProyectoQuintoSemestre/Super Cold
D:/Documentos/ProyectoQuintoSemestre/Super Cold
Using Asset Import Pipeline V2.
Refreshing native plugins compatible for Editor in 41.44 ms, found 0 plugins.
Preloading 0 native plugins for Editor in 0.00 ms.
Initialize engine version: 2020.2.4f1 (becced5a802b)
[Subsystems] Discovering subsystems at path C:/Program Files/2020.2.4f1/Editor/Data/Resources/UnitySubsystems
[Subsystems] Discovering subsystems at path D:/Documentos/ProyectoQuintoSemestre/Super Cold/Assets
GfxDevice: creating device client; threaded=0
Direct3D:
    Version:  Direct3D 11.0 [level 11.1]
    Renderer: NVIDIA GeForce GTX 1660 Ti (ID=0x2182)
    Vendor:   
    VRAM:     5991 MB
    Driver:   27.21.14.5730
Initialize mono
Mono path[0] = 'C:/Program Files/2020.2.4f1/Editor/Data/Managed'
Mono path[1] = 'C:/Program Files/2020.2.4f1/Editor/Data/MonoBleedingEdge/lib/mono/unityjit'
Mono config path = 'C:/Program Files/2020.2.4f1/Editor/Data/MonoBleedingEdge/etc'
Using monoOptions --debugger-agent=transport=dt_socket,embedding=1,server=y,suspend=n,address=127.0.0.1:56604
Begin MonoManager ReloadAssembly
Registering precompiled unity dll's ...
Register platform support module: C:/Program Files/2020.2.4f1/Editor/Data/PlaybackEngines/WindowsStandaloneSupport/UnityEditor.WindowsStandalone.Extensions.dll
Registered in 0.001116 seconds.
Native extension for WindowsStandalone target not found
Refreshing native plugins compatible for Editor in 42.01 ms, found 0 plugins.
Preloading 0 native plugins for Editor in 0.00 ms.
Invoked RoslynAnalysisRunner static constructor.
RoslynAnalysisRunner will not be running.
RoslynAnalysisRunner has terminated.
Mono: successfully reloaded assembly
- Completed reload, in  1.172 seconds
Platform modules already initialized, skipping
Registering precompiled user dll's ...
Registered in 0.000917 seconds.
Begin MonoManager ReloadAssembly
Native extension for WindowsStandalone target not found
Refreshing native plugins compatible for Editor in 43.75 ms, found 0 plugins.
Preloading 0 native plugins for Editor in 0.00 ms.
Invoked RoslynAnalysisRunner static constructor.
RoslynAnalysisRunner will not be running.
RoslynAnalysisRunner has terminated.
Mono: successfully reloaded assembly
- Completed reload, in  0.666 seconds
Platform modules already initialized, skipping
========================================================================
Worker process is ready to serve import requests
Shader 'Universal Render Pipeline/Particles/Lit': fallback shader 'Universal Render Pipeline/Particles/SimpleLit' not found
Shader 'Universal Render Pipeline/Particles/Lit': fallback shader 'Universal Render Pipeline/Particles/SimpleLit' not found
Launched and connected shader compiler UnityShaderCompiler.exe after 0.03 seconds
Refreshing native plugins compatible for Editor in 0.57 ms, found 0 plugins.
Preloading 0 native plugins for Editor in 0.00 ms.
Unloading 2415 Unused Serialized files (Serialized files now loaded: 0)
System memory in use before: 118.4 MB.
System memory in use after: 116.2 MB.

Unloading 45 unused Assets to reduce memory usage. Loaded Objects now: 2827.
Total: 4.073700 ms (FindLiveObjects: 0.268700 ms CreateObjectMapping: 0.114000 ms MarkObjects: 2.328600 ms  DeleteObjects: 1.361200 ms)

========================================================================
Received Import Request.
  path: Assets/PolygonPrototype/Prefabs/Character_FPS_Hands
  artifactKey: Guid(034d04b052bc734498ca37abc3800f5d) Importer(815301076,1909f56bfc062723c751e8b465ee728b)
Start importing Assets/PolygonPrototype/Prefabs/Character_FPS_Hands using Guid(034d04b052bc734498ca37abc3800f5d) Importer(815301076,1909f56bfc062723c751e8b465ee728b)  -> (artifact id: '9ff6a67b782c31abd0361bc61abc10f5') in 0.021070 seconds
  Import took 0.024157 seconds .

AssetImportWorkerClient::OnTransportError - code=2 error=End of file
