Using pre-set license
Built from '2020.2/release' branch; Version is '2020.2.4f1 (becced5a802b) revision 12504301'; Using compiler version '192528614'; Build Type 'Release'
OS: 'Windows 10 Pro; OS build 19042.804; Version 2009; 64bit' Language: 'es' Physical Memory: 16309 MB
BatchMode: 1, IsHumanControllingUs: 0, StartBugReporterOnCrash: 0, Is64bit: 1, IsPro: 0

 COMMAND LINE ARGUMENTS:
C:\Program Files\2020.2.4f1\Editor\Unity.exe
-adb2
-batchMode
-noUpm
-name
AssetImportWorker0
-projectPath
D:/Documentos/ProyectoQuintoSemestre/Super Cold
-logFile
Logs/AssetImportWorker0.log
-srvPort
49880
Successfully changed project path to: D:/Documentos/ProyectoQuintoSemestre/Super Cold
D:/Documentos/ProyectoQuintoSemestre/Super Cold
Using Asset Import Pipeline V2.
Refreshing native plugins compatible for Editor in 51.07 ms, found 0 plugins.
Preloading 0 native plugins for Editor in 0.00 ms.
Initialize engine version: 2020.2.4f1 (becced5a802b)
[Subsystems] Discovering subsystems at path C:/Program Files/2020.2.4f1/Editor/Data/Resources/UnitySubsystems
[Subsystems] Discovering subsystems at path D:/Documentos/ProyectoQuintoSemestre/Super Cold/Assets
GfxDevice: creating device client; threaded=0
Direct3D:
    Version:  Direct3D 11.0 [level 11.1]
    Renderer: NVIDIA GeForce GTX 1660 Ti (ID=0x2182)
    Vendor:   
    VRAM:     5991 MB
    Driver:   27.21.14.5730
Initialize mono
Mono path[0] = 'C:/Program Files/2020.2.4f1/Editor/Data/Managed'
Mono path[1] = 'C:/Program Files/2020.2.4f1/Editor/Data/MonoBleedingEdge/lib/mono/unityjit'
Mono config path = 'C:/Program Files/2020.2.4f1/Editor/Data/MonoBleedingEdge/etc'
Using monoOptions --debugger-agent=transport=dt_socket,embedding=1,server=y,suspend=n,address=127.0.0.1:56196
Begin MonoManager ReloadAssembly
Registering precompiled unity dll's ...
Register platform support module: C:/Program Files/2020.2.4f1/Editor/Data/PlaybackEngines/WindowsStandaloneSupport/UnityEditor.WindowsStandalone.Extensions.dll
Registered in 0.051572 seconds.
Native extension for WindowsStandalone target not found
Refreshing native plugins compatible for Editor in 41.27 ms, found 0 plugins.
Preloading 0 native plugins for Editor in 0.00 ms.
Invoked RoslynAnalysisRunner static constructor.
RoslynAnalysisRunner will not be running.
RoslynAnalysisRunner has terminated.
Mono: successfully reloaded assembly
- Completed reload, in  2.933 seconds
Platform modules already initialized, skipping
Registering precompiled user dll's ...
Registered in 0.043846 seconds.
Begin MonoManager ReloadAssembly
Native extension for WindowsStandalone target not found
Refreshing native plugins compatible for Editor in 44.52 ms, found 0 plugins.
Preloading 0 native plugins for Editor in 0.00 ms.
Invoked RoslynAnalysisRunner static constructor.
RoslynAnalysisRunner will not be running.
RoslynAnalysisRunner has terminated.
Mono: successfully reloaded assembly
- Completed reload, in  1.429 seconds
Platform modules already initialized, skipping
========================================================================
Worker process is ready to serve import requests
Shader 'Universal Render Pipeline/Particles/Lit': fallback shader 'Universal Render Pipeline/Particles/SimpleLit' not found
Shader 'Universal Render Pipeline/Particles/Lit': fallback shader 'Universal Render Pipeline/Particles/SimpleLit' not found
Launched and connected shader compiler UnityShaderCompiler.exe after 0.03 seconds
Refreshing native plugins compatible for Editor in 0.56 ms, found 0 plugins.
Preloading 0 native plugins for Editor in 0.00 ms.
Unloading 2415 Unused Serialized files (Serialized files now loaded: 0)
System memory in use before: 118.5 MB.
System memory in use after: 116.3 MB.

Unloading 45 unused Assets to reduce memory usage. Loaded Objects now: 2827.
Total: 2.843100 ms (FindLiveObjects: 0.247400 ms CreateObjectMapping: 0.107800 ms MarkObjects: 1.544100 ms  DeleteObjects: 0.942900 ms)

========================================================================
Received Import Request.
  path: Assets/Scenes/TestZone.unity
  artifactKey: Guid(645c0e8d544874c4992e02979c9f0481) Importer(815301076,1909f56bfc062723c751e8b465ee728b)
Start importing Assets/Scenes/TestZone.unity using Guid(645c0e8d544874c4992e02979c9f0481) Importer(815301076,1909f56bfc062723c751e8b465ee728b)  -> (artifact id: '82805230c67bed473f583de9218e3950') in 0.013161 seconds
  Import took 0.016470 seconds .

========================================================================
Received Import Request.
  Time since last request: 652.554770 seconds.
  path: Assets/Scenes/TestZone.unity
  artifactKey: Guid(645c0e8d544874c4992e02979c9f0481) Importer(815301076,1909f56bfc062723c751e8b465ee728b)
Start importing Assets/Scenes/TestZone.unity using Guid(645c0e8d544874c4992e02979c9f0481) Importer(815301076,1909f56bfc062723c751e8b465ee728b)  -> (artifact id: 'fcb7d01e9cab40721e009c081102d31d') in 0.001926 seconds
  Import took 0.005573 seconds .

========================================================================
Received Import Request.
  Time since last request: 2179.803018 seconds.
  path: Assets/Scripts
  artifactKey: Guid(02a3527b6b33a924e8ec66aa805ea717) Importer(815301076,1909f56bfc062723c751e8b465ee728b)
Start importing Assets/Scripts using Guid(02a3527b6b33a924e8ec66aa805ea717) Importer(815301076,1909f56bfc062723c751e8b465ee728b)  -> (artifact id: '8b355bd5aa27b36226c6643d416f2f36') in 0.005613 seconds
  Import took 0.008837 seconds .

========================================================================
Received Import Request.
  Time since last request: 3.961549 seconds.
  path: Assets/Scenes/TestZone.unity
  artifactKey: Guid(645c0e8d544874c4992e02979c9f0481) Importer(815301076,1909f56bfc062723c751e8b465ee728b)
Start importing Assets/Scenes/TestZone.unity using Guid(645c0e8d544874c4992e02979c9f0481) Importer(815301076,1909f56bfc062723c751e8b465ee728b)  -> (artifact id: '7d384096efa5f90a2d83ff5f95aba88a') in 0.001634 seconds
  Import took 0.088364 seconds .

========================================================================
Received Import Request.
  Time since last request: 8312.856520 seconds.
  path: Assets/PolygonPrototype/Shaders/Prototype_Glass_Global_URP.shadergraph
  artifactKey: Guid(9655a0ca1feb1454db2465a9df384bf4) Importer(815301076,1909f56bfc062723c751e8b465ee728b)
Start importing Assets/PolygonPrototype/Shaders/Prototype_Glass_Global_URP.shadergraph using Guid(9655a0ca1feb1454db2465a9df384bf4) Importer(815301076,1909f56bfc062723c751e8b465ee728b)  -> (artifact id: '936207f4ae117b64a22c3bd5bfc5add4') in 0.043541 seconds
  Import took 0.049986 seconds .

========================================================================
Received Import Request.
  Time since last request: 0.508936 seconds.
  path: Assets/PolygonPrototype/Shaders/Prototype_Glass_Global_URP.shadergraph
  artifactKey: Guid(9655a0ca1feb1454db2465a9df384bf4) Importer(815301076,1909f56bfc062723c751e8b465ee728b)
Start importing Assets/PolygonPrototype/Shaders/Prototype_Glass_Global_URP.shadergraph using Guid(9655a0ca1feb1454db2465a9df384bf4) Importer(815301076,1909f56bfc062723c751e8b465ee728b)  -> (artifact id: '936207f4ae117b64a22c3bd5bfc5add4') in 0.002569 seconds
  Import took 0.005914 seconds .

========================================================================
Received Import Request.
  Time since last request: 4.847496 seconds.
  path: Assets/PolygonPrototype/Materials/PolygonPrototype_Global_Grid_01.mat
  artifactKey: Guid(4930c6ffa5b9b9f4098249a43abf8506) Importer(815301076,1909f56bfc062723c751e8b465ee728b)
Start importing Assets/PolygonPrototype/Materials/PolygonPrototype_Global_Grid_01.mat using Guid(4930c6ffa5b9b9f4098249a43abf8506) Importer(815301076,1909f56bfc062723c751e8b465ee728b)  -> (artifact id: '358eded3c5de1e3b75f28a1295b321cd') in 0.339193 seconds
  Import took 0.342775 seconds .

========================================================================
Received Import Request.
  Time since last request: 0.000143 seconds.
  path: Assets/PolygonPrototype/Materials/PolygonPrototype_Texture_04.mat
  artifactKey: Guid(7d22fc6b9a431b043a917fb89a80bcfc) Importer(815301076,1909f56bfc062723c751e8b465ee728b)
Start importing Assets/PolygonPrototype/Materials/PolygonPrototype_Texture_04.mat using Guid(7d22fc6b9a431b043a917fb89a80bcfc) Importer(815301076,1909f56bfc062723c751e8b465ee728b)  -> (artifact id: '21734e9593ac2265fb226b223a8c2426') in 0.029146 seconds
  Import took 0.032548 seconds .

========================================================================
Received Import Request.
  Time since last request: 0.007504 seconds.
  path: Assets/PolygonPrototype/Materials/PolygonPrototype_Texture_04.mat
  artifactKey: Guid(7d22fc6b9a431b043a917fb89a80bcfc) Importer(815301076,1909f56bfc062723c751e8b465ee728b)
Start importing Assets/PolygonPrototype/Materials/PolygonPrototype_Texture_04.mat using Guid(7d22fc6b9a431b043a917fb89a80bcfc) Importer(815301076,1909f56bfc062723c751e8b465ee728b)  -> (artifact id: '21734e9593ac2265fb226b223a8c2426') in 0.011896 seconds
  Import took 0.015808 seconds .

========================================================================
Received Import Request.
  Time since last request: 776.137291 seconds.
  path: Assets/PolygonPrototype/Prefabs/Characters/Character_Male_NoFace_01.prefab
  artifactKey: Guid(1617cfd7d856042459cec623d111378d) Importer(815301076,1909f56bfc062723c751e8b465ee728b)
Start importing Assets/PolygonPrototype/Prefabs/Characters/Character_Male_NoFace_01.prefab using Guid(1617cfd7d856042459cec623d111378d) Importer(815301076,1909f56bfc062723c751e8b465ee728b)  -> (artifact id: '05bd02808fe123b6e9813b9595c2ddf7') in 0.424618 seconds
  Import took 0.428394 seconds .

AssetImportWorkerClient::OnTransportError - code=2 error=End of file
